<?xml version="1.0" encoding="UTF-8"?>
<!-- Generated by org.testng.reporters.JUnitXMLReporter -->
<testsuite hostname="LAPTOP-5F1O7FD6" ignored="2" name="Smoke Test" tests="2" failures="1" timestamp="2020-05-20T00:02:52 CDT" time="0.081" errors="0">
  <testcase name="methodFour" time="0.014" classname="class01.TestNGDemo"/>
  <testcase name="methodFour" time="0.048" classname="class01.TestNGDemo">
    <failure type="java.lang.NullPointerException">
      <![CDATA[java.lang.NullPointerException
at Utils.CommonMethods.takeScreenShot(CommonMethods.java:190)
at Utils.Listener.onTestSuccess(Listener.java:18)
at java.util.ArrayList.forEach(ArrayList.java:1257)
... Removed 24 stack frames]]>
    </failure>
  </testcase> <!-- methodFour -->
  <testcase name="methodOne" time="0.0" classname="class01.TestNGDemo">
    <ignored/>
  </testcase> <!-- methodOne -->
  <testcase name="methodfive" time="0.0" classname="class01.TestNGDemo">
    <ignored/>
  </testcase> <!-- methodfive -->
</testsuite> <!-- Smoke Test -->
